C51 COMPILER V9.00   _隹聿_量                                                              06/23/2020 21:58:46 PAGE 1   


C51 COMPILER V9.00, COMPILATION OF MODULE _隹聿_量
OBJECT MODULE PLACED IN 脉宽测量.OBJ
COMPILER INVOKED BY: F:\keil\C51\BIN\C51.EXE 脉宽测量.c BROWSE DEBUG OBJECTEXTEND

line level    source

   1          /***********************
   2          hc-sr04 超声波测距
   3          晶振：11.0592
   4          接线：模块TRIG接 P1.2
   5          单次反应时间：Max0.011ms
   6          ****************/
   7          
   8          /**********头文件************/
   9          #include <REG51.H>
  10          #include <intrins.h>
  11          
  12          //**********阿杜呢
  13          //#define Trig_Port G1
  14          //#define Trig_Pin P2
  15          //#define G1 1
  16          //#define P1 1
  17          
  18          //***********定义常用语法
  19          #define uchar unsigned char 
  20          #define uint unsigned int
  21          #define ulong unsigned long
  22          
  23          //************定时器初始值
  24          #define time_count_L TL0 = 0x18
  25          #define time_count_H TH0 = 0x02
  26          #define _sbit sbit
  27          #define _bit bit
  28          
  29          //***********端口声明
  30          //_sbit Trig = _Pin_read(Trig_Port, Trig_Pin)
  31          _sbit Trig = P1^2;
  32          _sbit Test = P1^3;    //51调试用
  33          _sbit Int0 = P3^2;    //外部中断
  34          
  35          //时间计算结果，如果储存距离，则可设置为uint型，储存计时值则必须ulong
  36          //计时最大值130000
  37          ulong time = 0;      
  38          
  39          _bit flag = 0;        //定时器溢出标志位
  40          uchar count = 0;     //溢出计数
  41          
  42          //***********高度图
  43          //uint MAP[1024] = {0};
  44          //uint Map_Count = 0;
  45          
  46          //***********1微妙延时函数
  47          void _delayMicroseconds(uchar time_delay) //延时10us
  48          {
  49   1              char i;
  50   1              for (i = 0; i < time_delay; i++)
  51   1              {
  52   2              uchar a;
  53   2              for(a=1;a>0;a--);
  54   2                      _nop_();  //if Keil,require use intrins.h
  55   2              }
C51 COMPILER V9.00   _隹聿_量                                                              06/23/2020 21:58:46 PAGE 2   

  56   1      }
  57          
  58          //***********启动模块函数
  59          void Scan_up(void)
  60          {
  61   1              TR0 = 0;
  62   1              time_count_H;
  63   1          time_count_L;
  64   1              //_Pin2_wright_High(1)
  65   1              Trig = 1; //1130uS  启动一次模块
  66   1              _delayMicroseconds(10);
  67   1              //_Pin2_wright_Low(1)
  68   1              Trig = 0;
  69   1              Int0 = 1;
  70   1              TR0 = 1;
  71   1      }
  72          
  73          //************外部中断处理
  74          void zd0() interrupt 0 //外部中断0
  75          {
  76   1              if (time != 130000)//计时结果处理
  77   1              {
  78   2                      Test = 1;
  79   2                      if (count == 0)
  80   2                      {
  81   3                              time = (TH0*256 + TL0) - 33;
  82   3                      }
  83   2                      else
  84   2                      {
  85   3                              time += (65000 + ((TH0*256 + TL0) - 33));
  86   3                      }
  87   2              }
  88   1              
  89   1              TR0 = 0;//关闭定时器
  90   1              //AS = (time * 1.7) / 100;               //算出来是CM
  91   1              if((time >= 110000) || flag == 1) //超出测量范围
  92   1              {
  93   2                      flag = 0;     //标志位清0
  94   2                      Test = 1;
  95   2                      Scan_up();
  96   2                      count = 0;    //溢出计数置0
  97   2              }
  98   1              else
  99   1              {
 100   2              //      MAP[Map_Count] = time;//高度图数据写入
 101   2      
 102   2              //if (array_sizeof(MAP) >= Radar_Target1.Frame_Length + Radar_Target1.Frame_Mobile) 
 103   2              //{
 104   2              //      for (int time_SY = Radar_Target1.Frame_Mobile; time_SY <= array_sizeof(MAP); time_SY++) 
 105   2              //              MAP[time_SY - Radar_Target1.Frame_Mobile] = MAP[time_SY];
 106   2              //      Dispose_Target(Radar_Target1, MAP, loca);
 107   2              //}
 108   2      
 109   2      //      if (Map_Count > 1024)//判断高度图下标是否越界
 110   2      //      {
 111   2      //              Map_Count = 0;
 112   2      //      }
 113   2                      count = 0;
 114   2                      Test = 0;
 115   2                      Scan_up();
 116   2              }
 117   1      }
C51 COMPILER V9.00   _隹聿_量                                                              06/23/2020 21:58:46 PAGE 3   

 118          
 119          /********************************************************/
 120          void ds1() interrupt 1 //定时器溢出
 121          {
 122   1              if (count == 0)
 123   1              {
 124   2                      time = 65000;
 125   2                      count++;
 126   2                      Scan_up();
 127   2              }
 128   1              else if(count == 1)
 129   1              {
 130   2                      time = 130000;
 131   2                      TR0 = 0;
 132   2                      flag = 1; //中断溢出标志
 133   2              }
 134   1      }
 135          /*********************************************************/
 136          
 137          void main(void)
 138          {
 139   1              IT0 = 1;  //外部中断0中断类型选择，1为下降沿触发
 140   1              EX0 = 1;  //EX0：外部中断bai0允许位，1表示允许外部中断0的中断申请
 141   1              ET0 = 1; //开放定时器0中断控制位
 142   1              TMOD = 0x11; //设T0为方式1，GATE=1；
 143   1      
 144   1              Scan_up();
 145   1      
 146   1              EA = 1;  //开启总中断
 147   1              Int0 = 1;
 148   1      
 149   1              while (1)
 150   1              {
 151   2                      /*******此if需放置在主循环中********/
 152   2                      if (flag)
 153   2                      {
 154   3                              Int0 = 0;
 155   3                      }
 156   2                      ;
 157   2              }
 158   1      }
 159                  /*
 160                  1机器周期=12*（1/11.0592）= 0.09us = 0.1us
 161                  34000cm/1s = 3cm/0.113ms
 162                  0.113ms = 1130us
 163                  3米 = 1130*10机器周期
 164                  定时器最大周期65535
 165                  11300/65535 = 0.x 
 166                  */


MODULE INFORMATION:   STATIC OVERLAYABLE
   CODE SIZE        =    368    ----
   CONSTANT SIZE    =   ----    ----
   XDATA SIZE       =   ----    ----
   PDATA SIZE       =   ----    ----
   DATA SIZE        =      5       1
   IDATA SIZE       =   ----    ----
   BIT SIZE         =      1    ----
END OF MODULE INFORMATION.


C51 COMPILATION COMPLETE.  0 WARNING(S),  0 ERROR(S)
